build/app/intermediates/manifest_merge_blame_file/debug/processDebugMainManifest/manifest-merger-blame-debug-report.txt
1<?xml version="1.0" encoding="utf-8"?>
2<manifest xmlns:android="http://schemas.android.com/apk/res/android"
3    package="com.example.smilewater2"
4    android:versionCode="1"
5    android:versionName="1.0.0" >
6
7    <uses-sdk
8        android:minSdkVersion="21"
9        android:targetSdkVersion="35" />
10    <!--
11         The INTERNET permission is required for development. Specifically,
12         the Flutter tool needs it to communicate with the running application
13         to allow setting breakpoints, to provide hot reload, etc.
14    -->
15    <uses-permission android:name="android.permission.INTERNET" />
15-->src\debug\AndroidManifest.xml:6:5-66
15-->src\debug\AndroidManifest.xml:6:22-64
16    <uses-permission
16-->src\main\AndroidManifest.xml:2:1-64
17        android:name="android.permission.BLUETOOTH"
17-->src\main\AndroidManifest.xml:2:18-61
18        android:maxSdkVersion="30" />
18-->[:reactive_ble_mobile] AndroidManifest.xml:10:9-35
19    <uses-permission
19-->src\main\AndroidManifest.xml:3:1-70
20        android:name="android.permission.BLUETOOTH_ADMIN"
20-->src\main\AndroidManifest.xml:3:18-67
21        android:maxSdkVersion="30" />
21-->[:reactive_ble_mobile] AndroidManifest.xml:13:9-35
22    <uses-permission
22-->src\main\AndroidManifest.xml:4:1-69
23        android:name="android.permission.BLUETOOTH_SCAN"
23-->src\main\AndroidManifest.xml:4:18-66
24        android:usesPermissionFlags="neverForLocation" />
24-->[com.polidea.rxandroidble2:rxandroidble:1.16.0] AndroidManifest.xml:24:9-55
25    <uses-permission android:name="android.permission.BLUETOOTH_CONNECT" />
25-->src\main\AndroidManifest.xml:5:1-72
25-->src\main\AndroidManifest.xml:5:18-69
26    <uses-permission android:name="android.permission.ACCESS_FINE_LOCATION" />
26-->src\main\AndroidManifest.xml:6:1-75
26-->src\main\AndroidManifest.xml:6:18-72
27    <uses-permission android:name="android.permission.ACCESS_COARSE_LOCATION" /> <!-- Android 12+ 需要声明 -->
27-->src\main\AndroidManifest.xml:7:1-77
27-->src\main\AndroidManifest.xml:7:18-74
28    <uses-permission android:name="android.permission.BLUETOOTH_ADVERTISE" />
28-->src\main\AndroidManifest.xml:10:1-74
28-->src\main\AndroidManifest.xml:10:18-71
29    <!--
30 Required to query activities that can process text, see:
31         https://developer.android.com/training/package-visibility and
32         https://developer.android.com/reference/android/content/Intent#ACTION_PROCESS_TEXT.
33
34         In particular, this is used by the Flutter engine in io.flutter.plugin.text.ProcessTextPlugin.
35    -->
36    <queries>
36-->src\main\AndroidManifest.xml:53:5-58:15
37        <intent>
37-->src\main\AndroidManifest.xml:54:9-57:18
38            <action android:name="android.intent.action.PROCESS_TEXT" />
38-->src\main\AndroidManifest.xml:55:13-72
38-->src\main\AndroidManifest.xml:55:21-70
39
40            <data android:mimeType="text/plain" />
40-->src\main\AndroidManifest.xml:56:13-50
40-->src\main\AndroidManifest.xml:56:19-48
41        </intent>
42    </queries>
43
44    <permission
44-->[androidx.core:core:1.13.1] AndroidManifest.xml:22:5-24:47
45        android:name="com.example.smilewater2.DYNAMIC_RECEIVER_NOT_EXPORTED_PERMISSION"
45-->[androidx.core:core:1.13.1] AndroidManifest.xml:23:9-81
46        android:protectionLevel="signature" />
46-->[androidx.core:core:1.13.1] AndroidManifest.xml:24:9-44
47
48    <uses-permission android:name="com.example.smilewater2.DYNAMIC_RECEIVER_NOT_EXPORTED_PERMISSION" /> <!-- required for API 23 - 30, no android:maxSdkVersion because of a potential breaking change -->
48-->[androidx.core:core:1.13.1] AndroidManifest.xml:26:5-97
48-->[androidx.core:core:1.13.1] AndroidManifest.xml:26:22-94
49    <!-- TODO: add android:maxSdkVersion on 2.0.0 -->
50    <uses-permission-sdk-23 android:name="android.permission.ACCESS_COARSE_LOCATION" />
50-->[com.polidea.rxandroidble2:rxandroidble:1.16.0] AndroidManifest.xml:18:5-88
50-->[com.polidea.rxandroidble2:rxandroidble:1.16.0] AndroidManifest.xml:18:29-85
51    <uses-permission-sdk-23 android:name="android.permission.ACCESS_FINE_LOCATION" />
51-->[com.polidea.rxandroidble2:rxandroidble:1.16.0] AndroidManifest.xml:19:5-86
51-->[com.polidea.rxandroidble2:rxandroidble:1.16.0] AndroidManifest.xml:19:29-83
52
53    <application
54        android:name="android.app.Application"
55        android:appComponentFactory="androidx.core.app.CoreComponentFactory"
55-->[androidx.core:core:1.13.1] AndroidManifest.xml:28:18-86
56        android:debuggable="true"
57        android:extractNativeLibs="true"
58        android:icon="@mipmap/ic_launcher"
59        android:label="smilewater2" >
60        <activity
61            android:name="com.example.smilewater2.MainActivity"
62            android:configChanges="orientation|keyboardHidden|keyboard|screenSize|smallestScreenSize|locale|layoutDirection|fontScale|screenLayout|density|uiMode"
63            android:exported="true"
64            android:hardwareAccelerated="true"
65            android:launchMode="singleTop"
66            android:taskAffinity=""
67            android:theme="@style/LaunchTheme"
68            android:windowSoftInputMode="adjustResize" >
69
70            <!--
71                 Specifies an Android theme to apply to this Activity as soon as
72                 the Android process has started. This theme is visible to the user
73                 while the Flutter UI initializes. After that, this theme continues
74                 to determine the Window background behind the Flutter UI.
75            -->
76            <meta-data
77                android:name="io.flutter.embedding.android.NormalTheme"
78                android:resource="@style/NormalTheme" />
79
80            <intent-filter>
81                <action android:name="android.intent.action.MAIN" />
82
83                <category android:name="android.intent.category.LAUNCHER" />
84            </intent-filter>
85        </activity>
86        <!--
87             Don't delete the meta-data below.
88             This is used by the Flutter tool to generate GeneratedPluginRegistrant.java
89        -->
90        <meta-data
91            android:name="flutterEmbedding"
92            android:value="2" />
93
94        <uses-library
94-->[androidx.window:window:1.2.0] AndroidManifest.xml:23:9-25:40
95            android:name="androidx.window.extensions"
95-->[androidx.window:window:1.2.0] AndroidManifest.xml:24:13-54
96            android:required="false" />
96-->[androidx.window:window:1.2.0] AndroidManifest.xml:25:13-37
97        <uses-library
97-->[androidx.window:window:1.2.0] AndroidManifest.xml:26:9-28:40
98            android:name="androidx.window.sidecar"
98-->[androidx.window:window:1.2.0] AndroidManifest.xml:27:13-51
99            android:required="false" />
99-->[androidx.window:window:1.2.0] AndroidManifest.xml:28:13-37
100
101        <provider
101-->[androidx.lifecycle:lifecycle-process:2.7.0] AndroidManifest.xml:24:9-32:20
102            android:name="androidx.startup.InitializationProvider"
102-->[androidx.lifecycle:lifecycle-process:2.7.0] AndroidManifest.xml:25:13-67
103            android:authorities="com.example.smilewater2.androidx-startup"
103-->[androidx.lifecycle:lifecycle-process:2.7.0] AndroidManifest.xml:26:13-68
104            android:exported="false" >
104-->[androidx.lifecycle:lifecycle-process:2.7.0] AndroidManifest.xml:27:13-37
105            <meta-data
105-->[androidx.lifecycle:lifecycle-process:2.7.0] AndroidManifest.xml:29:13-31:52
106                android:name="androidx.lifecycle.ProcessLifecycleInitializer"
106-->[androidx.lifecycle:lifecycle-process:2.7.0] AndroidManifest.xml:30:17-78
107                android:value="androidx.startup" />
107-->[androidx.lifecycle:lifecycle-process:2.7.0] AndroidManifest.xml:31:17-49
108            <meta-data
108-->[androidx.profileinstaller:profileinstaller:1.3.1] AndroidManifest.xml:29:13-31:52
109                android:name="androidx.profileinstaller.ProfileInstallerInitializer"
109-->[androidx.profileinstaller:profileinstaller:1.3.1] AndroidManifest.xml:30:17-85
110                android:value="androidx.startup" />
110-->[androidx.profileinstaller:profileinstaller:1.3.1] AndroidManifest.xml:31:17-49
111        </provider>
112
113        <receiver
113-->[androidx.profileinstaller:profileinstaller:1.3.1] AndroidManifest.xml:34:9-52:20
114            android:name="androidx.profileinstaller.ProfileInstallReceiver"
114-->[androidx.profileinstaller:profileinstaller:1.3.1] AndroidManifest.xml:35:13-76
115            android:directBootAware="false"
115-->[androidx.profileinstaller:profileinstaller:1.3.1] AndroidManifest.xml:36:13-44
116            android:enabled="true"
116-->[androidx.profileinstaller:profileinstaller:1.3.1] AndroidManifest.xml:37:13-35
117            android:exported="true"
117-->[androidx.profileinstaller:profileinstaller:1.3.1] AndroidManifest.xml:38:13-36
118            android:permission="android.permission.DUMP" >
118-->[androidx.profileinstaller:profileinstaller:1.3.1] AndroidManifest.xml:39:13-57
119            <intent-filter>
119-->[androidx.profileinstaller:profileinstaller:1.3.1] AndroidManifest.xml:40:13-42:29
120                <action android:name="androidx.profileinstaller.action.INSTALL_PROFILE" />
120-->[androidx.profileinstaller:profileinstaller:1.3.1] AndroidManifest.xml:41:17-91
120-->[androidx.profileinstaller:profileinstaller:1.3.1] AndroidManifest.xml:41:25-88
121            </intent-filter>
122            <intent-filter>
122-->[androidx.profileinstaller:profileinstaller:1.3.1] AndroidManifest.xml:43:13-45:29
123                <action android:name="androidx.profileinstaller.action.SKIP_FILE" />
123-->[androidx.profileinstaller:profileinstaller:1.3.1] AndroidManifest.xml:44:17-85
123-->[androidx.profileinstaller:profileinstaller:1.3.1] AndroidManifest.xml:44:25-82
124            </intent-filter>
125            <intent-filter>
125-->[androidx.profileinstaller:profileinstaller:1.3.1] AndroidManifest.xml:46:13-48:29
126                <action android:name="androidx.profileinstaller.action.SAVE_PROFILE" />
126-->[androidx.profileinstaller:profileinstaller:1.3.1] AndroidManifest.xml:47:17-88
126-->[androidx.profileinstaller:profileinstaller:1.3.1] AndroidManifest.xml:47:25-85
127            </intent-filter>
128            <intent-filter>
128-->[androidx.profileinstaller:profileinstaller:1.3.1] AndroidManifest.xml:49:13-51:29
129                <action android:name="androidx.profileinstaller.action.BENCHMARK_OPERATION" />
129-->[androidx.profileinstaller:profileinstaller:1.3.1] AndroidManifest.xml:50:17-95
129-->[androidx.profileinstaller:profileinstaller:1.3.1] AndroidManifest.xml:50:25-92
130            </intent-filter>
131        </receiver>
132    </application>
133
134</manifest>